<?xml version="1.0" encoding="UTF-8"?>
<!-- Generated by org.testng.reporters.JUnitXMLReporter -->
<testsuite hostname="DESKTOP-19NCAKV" ignored="0" name="Test" tests="1" failures="1" timestamp="2022-06-12T19:41:47 IST" time="13.448" errors="0">
  <testcase name="viewPageofUsers" time="4.328" classname="com.Tests.UsersFunctionality_TC_01">
    <failure type="java.lang.AssertionError" message="expected [true] but found [false]">
      <![CDATA[java.lang.AssertionError: expected [true] but found [false]
at com.Global.BaseClass.Displayed(BaseClass.java:185)
at com.Tests.UsersFunctionality_TC_01.viewPageofUsers(UsersFunctionality_TC_01.java:38)
at java.util.ArrayList.forEach(ArrayList.java:1259)
... Removed 31 stack frames]]>
    </failure>
  </testcase> <!-- viewPageofUsers -->
</testsuite> <!-- Test -->
