<?xml version="1.0" encoding="UTF-8"?>
<!-- Generated by org.testng.reporters.JUnitXMLReporter -->
<testsuite hostname="DESKTOP-19NCAKV" ignored="0" name="Test" tests="4" failures="0" timestamp="2022-06-16T19:23:32 IST" time="60.596" errors="0">
  <testcase name="dashboardTest" time="19.099" classname="com.Tests.AddressTypeFunctionality_TC_01"/>
  <testcase name="viewPageofUsers" time="3.971" classname="com.Tests.UsersFunctionality_TC_01"/>
  <testcase name="addProvider" time="13.257" classname="com.Tests.UsersFunctionality_TC_02"/>
  <testcase name="addressTypeTest" time="2.941" classname="com.Tests.AddressTypeFunctionality_TC_02"/>
</testsuite> <!-- Test -->
