<?xml version="1.0" encoding="UTF-8"?>
<!-- Generated by org.testng.reporters.JUnitXMLReporter -->
<testsuite hostname="DESKTOP-19NCAKV" ignored="0" name="Test" tests="1" failures="1" timestamp="2022-06-06T23:22:43 IST" time="15.261" errors="0">
  <testcase name="dashboardTest" time="8.513" classname="com.Tests.AddressTypeFunctionality_TC_01">
    <failure type="org.openqa.selenium.ElementClickInterceptedException" message="element click intercepted: Element &amp;lt;button&amp;gt;...&amp;lt;/button&amp;gt; is not clickable at point (208, 610). Other element would receive the click: &amp;lt;div class=&amp;quot;footer&amp;quot; style=&amp;quot;position: fixed; z-index: 600; bottom: 0px;&amp;quot;&amp;gt;...&amp;lt;/div&amp;gt;
  (Session info: chrome=102.0.5005.63)
Build info: version: &amp;apos;4.1.3&amp;apos;, revision: &amp;apos;7b1ebf28ef&amp;apos;
System info: host: &amp;apos;DESKTOP-19NCAKV&amp;apos;, ip: &amp;apos;192.168.56.1&amp;apos;, os.name: &amp;apos;Windows 10&amp;apos;, os.arch: &amp;apos;amd64&amp;apos;, os.version: &amp;apos;10.0&amp;apos;, java.version: &amp;apos;1.8.0_271&amp;apos;
Driver info: org.openqa.selenium.chrome.ChromeDriver
Command: [d8d9bbb71f165b57af1b594fe4f2cecb, clickElement {id=8eb4900a-c021-446f-bac5-618c12cd9706}]
Capabilities {acceptInsecureCerts: false, browserName: chrome, browserVersion: 102.0.5005.63, chrome: {chromedriverVersion: 102.0.5005.61 (0e59bcc00cc4..., userDataDir: C:\Users\dhano\AppData\Loca...}, goog:chromeOptions: {debuggerAddress: localhost:53782}, javascriptEnabled: true, networkConnectionEnabled: false, pageLoadStrategy: normal, platform: WINDOWS, platformName: WINDOWS, proxy: Proxy(), se:cdp: ws://localhost:53782/devtoo..., se:cdpVersion: 102.0.5005.63, setWindowRect: true, strictFileInteractability: false, timeouts: {implicit: 0, pageLoad: 300000, script: 30000}, unhandledPromptBehavior: dismiss and notify, webauthn:extension:credBlob: true, webauthn:extension:largeBlob: true, webauthn:virtualAuthenticators: true}
Element: [[ChromeDriver: chrome on WINDOWS (d8d9bbb71f165b57af1b594fe4f2cecb)] -&amp;gt; xpath: //button[contains(.,&amp;apos;Insurance Type&amp;apos;)]]
Session ID: d8d9bbb71f165b57af1b594fe4f2cecb">
      <![CDATA[org.openqa.selenium.ElementClickInterceptedException: element click intercepted: Element <button>...</button> is not clickable at point (208, 610). Other element would receive the click: <div class="footer" style="position: fixed; z-index: 600; bottom: 0px;">...</div>
  (Session info: chrome=102.0.5005.63)
Build info: version: '4.1.3', revision: '7b1ebf28ef'
System info: host: 'DESKTOP-19NCAKV', ip: '192.168.56.1', os.name: 'Windows 10', os.arch: 'amd64', os.version: '10.0', java.version: '1.8.0_271'
Driver info: org.openqa.selenium.chrome.ChromeDriver
Command: [d8d9bbb71f165b57af1b594fe4f2cecb, clickElement {id=8eb4900a-c021-446f-bac5-618c12cd9706}]
Capabilities {acceptInsecureCerts: false, browserName: chrome, browserVersion: 102.0.5005.63, chrome: {chromedriverVersion: 102.0.5005.61 (0e59bcc00cc4..., userDataDir: C:\Users\dhano\AppData\Loca...}, goog:chromeOptions: {debuggerAddress: localhost:53782}, javascriptEnabled: true, networkConnectionEnabled: false, pageLoadStrategy: normal, platform: WINDOWS, platformName: WINDOWS, proxy: Proxy(), se:cdp: ws://localhost:53782/devtoo..., se:cdpVersion: 102.0.5005.63, setWindowRect: true, strictFileInteractability: false, timeouts: {implicit: 0, pageLoad: 300000, script: 30000}, unhandledPromptBehavior: dismiss and notify, webauthn:extension:credBlob: true, webauthn:extension:largeBlob: true, webauthn:virtualAuthenticators: true}
Element: [[ChromeDriver: chrome on WINDOWS (d8d9bbb71f165b57af1b594fe4f2cecb)] -> xpath: //button[contains(.,'Insurance Type')]]
Session ID: d8d9bbb71f165b57af1b594fe4f2cecb
at org.openqa.selenium.remote.codec.w3c.W3CHttpResponseCodec.createException(W3CHttpResponseCodec.java:200)
at org.openqa.selenium.remote.codec.w3c.W3CHttpResponseCodec.decode(W3CHttpResponseCodec.java:133)
at org.openqa.selenium.remote.codec.w3c.W3CHttpResponseCodec.decode(W3CHttpResponseCodec.java:53)
at org.openqa.selenium.remote.HttpCommandExecutor.execute(HttpCommandExecutor.java:184)
at org.openqa.selenium.remote.service.DriverCommandExecutor.invokeExecute(DriverCommandExecutor.java:167)
at org.openqa.selenium.remote.service.DriverCommandExecutor.execute(DriverCommandExecutor.java:142)
at org.openqa.selenium.remote.RemoteWebDriver.execute(RemoteWebDriver.java:567)
at org.openqa.selenium.remote.RemoteWebElement.execute(RemoteWebElement.java:251)
at org.openqa.selenium.remote.RemoteWebElement.click(RemoteWebElement.java:77)
at com.Global.BaseClass.click(BaseClass.java:82)
at com.Tests.AddressTypeFunctionality_TC_01.dashboardTest(AddressTypeFunctionality_TC_01.java:80)
at java.util.ArrayList.forEach(ArrayList.java:1259)
... Removed 31 stack frames]]>
    </failure>
  </testcase> <!-- dashboardTest -->
</testsuite> <!-- Test -->
