<?xml version="1.0" encoding="UTF-8"?>
<!-- Generated by org.testng.reporters.JUnitXMLReporter -->
<testsuite hostname="DESKTOP-19NCAKV" ignored="0" name="Test" tests="4" failures="0" timestamp="2022-06-14T21:40:05 IST" time="61.648" errors="0">
  <testcase name="dashboardTest" time="21.022" classname="com.Tests.AddressTypeFunctionality_TC_01"/>
  <testcase name="viewPageofUsers" time="3.885" classname="com.Tests.UsersFunctionality_TC_01"/>
  <testcase name="addProvider" time="12.407" classname="com.Tests.UsersFunctionality_TC_02"/>
  <testcase name="addressTypeTest" time="3.043" classname="com.Tests.AddressTypeFunctionality_TC_02"/>
</testsuite> <!-- Test -->
