<?xml version="1.0" encoding="UTF-8"?>
<!-- Generated by org.testng.reporters.JUnitXMLReporter -->
<testsuite hostname="DESKTOP-19NCAKV" ignored="0" name="Test" tests="4" failures="0" timestamp="2022-06-14T19:51:11 IST" time="60.583" errors="0">
  <testcase name="dashboardTest" time="19.537" classname="com.Tests.AddressTypeFunctionality_TC_01"/>
  <testcase name="viewPageofUsers" time="3.871" classname="com.Tests.UsersFunctionality_TC_01"/>
  <testcase name="addProvider" time="11.772" classname="com.Tests.UsersFunctionality_TC_02"/>
  <testcase name="addressTypeTest" time="2.887" classname="com.Tests.AddressTypeFunctionality_TC_02"/>
</testsuite> <!-- Test -->
