<?xml version="1.0" encoding="UTF-8"?>
<testng-results skipped="0" failed="0" ignored="0" total="2" passed="2">
  <reporter-output>
  </reporter-output>
  <suite name="Suite" duration-ms="106710" started-at="2022-06-06T01:20:16 IST" finished-at="2022-06-06T01:22:03 IST">
    <groups>
      <group name="AddressType">
        <method signature="AddressTypeFunctionality_TC_01.dashboardTest()[pri:0, instance:com.Tests.AddressTypeFunctionality_TC_01@4f51b3e0]" name="dashboardTest" class="com.Tests.AddressTypeFunctionality_TC_01"/>
      </group> <!-- AddressType -->
    </groups>
    <test name="Test" duration-ms="106710" started-at="2022-06-06T01:20:16 IST" finished-at="2022-06-06T01:22:03 IST">
      <class name="com.Tests.AddressTypeFunctionality_TC_02">
        <test-method status="PASS" signature="setup(java.lang.String)[pri:0, instance:com.Tests.AddressTypeFunctionality_TC_02@5e955596]" name="setup" is-config="true" duration-ms="4561" started-at="2022-06-06T01:21:52 IST" finished-at="2022-06-06T01:21:57 IST">
          <params>
            <param index="0">
              <value>
                <![CDATA[chrome]]>
              </value>
            </param>
          </params>
          <reporter-output>
          </reporter-output>
        </test-method> <!-- setup -->
        <test-method status="PASS" signature="addressTypeTest()[pri:0, instance:com.Tests.AddressTypeFunctionality_TC_02@5e955596]" name="addressTypeTest" duration-ms="5185" depends-on-groups="AddressType" started-at="2022-06-06T01:21:57 IST" finished-at="2022-06-06T01:22:02 IST">
          <reporter-output>
          </reporter-output>
        </test-method> <!-- addressTypeTest -->
        <test-method status="PASS" signature="teardown()[pri:0, instance:com.Tests.AddressTypeFunctionality_TC_02@5e955596]" name="teardown" is-config="true" duration-ms="830" started-at="2022-06-06T01:22:02 IST" finished-at="2022-06-06T01:22:03 IST">
          <reporter-output>
          </reporter-output>
        </test-method> <!-- teardown -->
      </class> <!-- com.Tests.AddressTypeFunctionality_TC_02 -->
      <class name="com.Tests.AddressTypeFunctionality_TC_01">
        <test-method status="PASS" signature="setup(java.lang.String)[pri:0, instance:com.Tests.AddressTypeFunctionality_TC_01@4f51b3e0]" name="setup" is-config="true" duration-ms="8617" started-at="2022-06-06T01:20:16 IST" finished-at="2022-06-06T01:20:25 IST">
          <params>
            <param index="0">
              <value>
                <![CDATA[chrome]]>
              </value>
            </param>
          </params>
          <reporter-output>
          </reporter-output>
        </test-method> <!-- setup -->
        <test-method status="PASS" signature="dashboardTest()[pri:0, instance:com.Tests.AddressTypeFunctionality_TC_01@4f51b3e0]" name="dashboardTest" duration-ms="86593" started-at="2022-06-06T01:20:25 IST" finished-at="2022-06-06T01:21:51 IST">
          <reporter-output>
          </reporter-output>
        </test-method> <!-- dashboardTest -->
        <test-method status="PASS" signature="teardown()[pri:0, instance:com.Tests.AddressTypeFunctionality_TC_01@4f51b3e0]" name="teardown" is-config="true" duration-ms="852" started-at="2022-06-06T01:21:51 IST" finished-at="2022-06-06T01:21:52 IST">
          <reporter-output>
          </reporter-output>
        </test-method> <!-- teardown -->
      </class> <!-- com.Tests.AddressTypeFunctionality_TC_01 -->
    </test> <!-- Test -->
  </suite> <!-- Suite -->
</testng-results>
