<?xml version="1.0" encoding="UTF-8"?>
<testng-results skipped="0" failed="0" ignored="0" total="6" passed="6">
  <reporter-output>
  </reporter-output>
  <suite name="Suite" duration-ms="81129" started-at="2022-06-22T11:32:31 IST" finished-at="2022-06-22T11:33:52 IST">
    <groups>
      <group name="cucumber">
        <method signature="AbstractTestNGCucumberTests.runScenario(io.cucumber.testng.PickleWrapper,io.cucumber.testng.FeatureWrapper)[pri:0, instance:com.testRunners.TestRunner@5f8e8a9d]" name="runScenario" class="io.cucumber.testng.AbstractTestNGCucumberTests"/>
      </group> <!-- cucumber -->
    </groups>
    <test name="Test" duration-ms="81129" started-at="2022-06-22T11:32:31 IST" finished-at="2022-06-22T11:33:52 IST">
      <class name="com.testRunners.TestRunner">
        <test-method status="PASS" signature="setUpClass(org.testng.ITestContext)[pri:0, instance:com.testRunners.TestRunner@5f8e8a9d]" name="setUpClass" is-config="true" duration-ms="937" started-at="2022-06-22T11:32:32 IST" finished-at="2022-06-22T11:32:33 IST">
          <params>
            <param index="0">
              <value>
                <![CDATA[org.testng.TestRunner@45c3cf0c]]>
              </value>
            </param>
          </params>
          <reporter-output>
          </reporter-output>
        </test-method> <!-- setUpClass -->
        <test-method status="PASS" signature="runScenario(io.cucumber.testng.PickleWrapper,io.cucumber.testng.FeatureWrapper)[pri:0, instance:com.testRunners.TestRunner@5f8e8a9d]" name="runScenario" duration-ms="34193" started-at="2022-06-22T11:32:33 IST" description="Runs Cucumber Scenarios" data-provider="scenarios" finished-at="2022-06-22T11:33:07 IST">
          <params>
            <param index="0">
              <value>
                <![CDATA["Verify_view page of domain values"]]>
              </value>
            </param>
            <param index="1">
              <value>
                <![CDATA["Optional[Verifying Address type functionality]"]]>
              </value>
            </param>
          </params>
          <reporter-output>
          </reporter-output>
        </test-method> <!-- runScenario -->
        <test-method status="PASS" signature="runScenario(io.cucumber.testng.PickleWrapper,io.cucumber.testng.FeatureWrapper)[pri:0, instance:com.testRunners.TestRunner@5f8e8a9d]" name="runScenario" duration-ms="8469" started-at="2022-06-22T11:33:07 IST" description="Runs Cucumber Scenarios" data-provider="scenarios" finished-at="2022-06-22T11:33:15 IST">
          <params>
            <param index="0">
              <value>
                <![CDATA["Login functionality with valid credentials"]]>
              </value>
            </param>
            <param index="1">
              <value>
                <![CDATA["Optional[Login functionality]"]]>
              </value>
            </param>
          </params>
          <reporter-output>
          </reporter-output>
        </test-method> <!-- runScenario -->
        <test-method status="PASS" signature="runScenario(io.cucumber.testng.PickleWrapper,io.cucumber.testng.FeatureWrapper)[pri:0, instance:com.testRunners.TestRunner@5f8e8a9d]" name="runScenario" duration-ms="8434" started-at="2022-06-22T11:33:15 IST" description="Runs Cucumber Scenarios" data-provider="scenarios" finished-at="2022-06-22T11:33:24 IST">
          <params>
            <param index="0">
              <value>
                <![CDATA["Login functionality with valid credentials"]]>
              </value>
            </param>
            <param index="1">
              <value>
                <![CDATA["Optional[Login functionality]"]]>
              </value>
            </param>
          </params>
          <reporter-output>
          </reporter-output>
        </test-method> <!-- runScenario -->
        <test-method status="PASS" signature="runScenario(io.cucumber.testng.PickleWrapper,io.cucumber.testng.FeatureWrapper)[pri:0, instance:com.testRunners.TestRunner@5f8e8a9d]" name="runScenario" duration-ms="9311" started-at="2022-06-22T11:33:24 IST" description="Runs Cucumber Scenarios" data-provider="scenarios" finished-at="2022-06-22T11:33:33 IST">
          <params>
            <param index="0">
              <value>
                <![CDATA["Login functionality with valid credentials"]]>
              </value>
            </param>
            <param index="1">
              <value>
                <![CDATA["Optional[Login functionality]"]]>
              </value>
            </param>
          </params>
          <reporter-output>
          </reporter-output>
        </test-method> <!-- runScenario -->
        <test-method status="PASS" signature="runScenario(io.cucumber.testng.PickleWrapper,io.cucumber.testng.FeatureWrapper)[pri:0, instance:com.testRunners.TestRunner@5f8e8a9d]" name="runScenario" duration-ms="8663" started-at="2022-06-22T11:33:33 IST" description="Runs Cucumber Scenarios" data-provider="scenarios" finished-at="2022-06-22T11:33:42 IST">
          <params>
            <param index="0">
              <value>
                <![CDATA["Login functionality with valid credentials"]]>
              </value>
            </param>
            <param index="1">
              <value>
                <![CDATA["Optional[Login functionality]"]]>
              </value>
            </param>
          </params>
          <reporter-output>
          </reporter-output>
        </test-method> <!-- runScenario -->
        <test-method status="PASS" signature="runScenario(io.cucumber.testng.PickleWrapper,io.cucumber.testng.FeatureWrapper)[pri:0, instance:com.testRunners.TestRunner@5f8e8a9d]" name="runScenario" duration-ms="10461" started-at="2022-06-22T11:33:42 IST" description="Runs Cucumber Scenarios" data-provider="scenarios" finished-at="2022-06-22T11:33:52 IST">
          <params>
            <param index="0">
              <value>
                <![CDATA["Verify_view page of users functionality"]]>
              </value>
            </param>
            <param index="1">
              <value>
                <![CDATA["Optional[Verifying users functionality]"]]>
              </value>
            </param>
          </params>
          <reporter-output>
          </reporter-output>
        </test-method> <!-- runScenario -->
        <test-method status="PASS" signature="tearDownClass()[pri:0, instance:com.testRunners.TestRunner@5f8e8a9d]" name="tearDownClass" is-config="true" duration-ms="325" started-at="2022-06-22T11:33:52 IST" finished-at="2022-06-22T11:33:52 IST">
          <reporter-output>
          </reporter-output>
        </test-method> <!-- tearDownClass -->
      </class> <!-- com.testRunners.TestRunner -->
    </test> <!-- Test -->
  </suite> <!-- Suite -->
</testng-results>
