<?xml version="1.0" encoding="UTF-8"?>
<testng-results skipped="0" failed="0" ignored="0" total="1" passed="1">
  <reporter-output>
  </reporter-output>
  <suite name="Suite" duration-ms="25555" started-at="2022-06-15T21:13:12 IST" finished-at="2022-06-15T21:13:38 IST">
    <groups>
    </groups>
    <test name="Test" duration-ms="25555" started-at="2022-06-15T21:13:12 IST" finished-at="2022-06-15T21:13:38 IST">
      <class name="com.Tests.UsersFunctionality_TC_02">
        <test-method status="PASS" signature="setup(java.lang.String)[pri:0, instance:com.Tests.UsersFunctionality_TC_02@304bb45b]" name="setup" is-config="true" duration-ms="8944" started-at="2022-06-15T21:13:13 IST" finished-at="2022-06-15T21:13:22 IST">
          <params>
            <param index="0">
              <value>
                <![CDATA[chrome]]>
              </value>
            </param>
          </params>
          <reporter-output>
          </reporter-output>
        </test-method> <!-- setup -->
        <test-method status="PASS" signature="addProvider()[pri:0, instance:com.Tests.UsersFunctionality_TC_02@304bb45b]" name="addProvider" duration-ms="15275" started-at="2022-06-15T21:13:22 IST" finished-at="2022-06-15T21:13:37 IST">
          <reporter-output>
          </reporter-output>
        </test-method> <!-- addProvider -->
        <test-method status="PASS" signature="teardown()[pri:0, instance:com.Tests.UsersFunctionality_TC_02@304bb45b]" name="teardown" is-config="true" duration-ms="1059" started-at="2022-06-15T21:13:37 IST" finished-at="2022-06-15T21:13:38 IST">
          <reporter-output>
          </reporter-output>
        </test-method> <!-- teardown -->
      </class> <!-- com.Tests.UsersFunctionality_TC_02 -->
    </test> <!-- Test -->
  </suite> <!-- Suite -->
</testng-results>
