<?xml version="1.0" encoding="UTF-8"?>
<testng-results skipped="0" failed="0" ignored="0" total="6" passed="6">
  <reporter-output>
  </reporter-output>
  <suite name="Suite" duration-ms="73465" started-at="2022-06-23T17:14:10 IST" finished-at="2022-06-23T17:15:23 IST">
    <groups>
      <group name="cucumber">
        <method signature="AbstractTestNGCucumberTests.runScenario(io.cucumber.testng.PickleWrapper,io.cucumber.testng.FeatureWrapper)[pri:0, instance:com.testRunners.TestRunner@5f8e8a9d]" name="runScenario" class="io.cucumber.testng.AbstractTestNGCucumberTests"/>
      </group> <!-- cucumber -->
    </groups>
    <test name="Test" duration-ms="73465" started-at="2022-06-23T17:14:10 IST" finished-at="2022-06-23T17:15:23 IST">
      <class name="com.testRunners.TestRunner">
        <test-method status="PASS" signature="setUpClass(org.testng.ITestContext)[pri:0, instance:com.testRunners.TestRunner@5f8e8a9d]" name="setUpClass" is-config="true" duration-ms="820" started-at="2022-06-23T17:14:10 IST" finished-at="2022-06-23T17:14:11 IST">
          <params>
            <param index="0">
              <value>
                <![CDATA[org.testng.TestRunner@6f66ab8f]]>
              </value>
            </param>
          </params>
          <reporter-output>
          </reporter-output>
        </test-method> <!-- setUpClass -->
        <test-method status="PASS" signature="runScenario(io.cucumber.testng.PickleWrapper,io.cucumber.testng.FeatureWrapper)[pri:0, instance:com.testRunners.TestRunner@5f8e8a9d]" name="runScenario" duration-ms="27213" started-at="2022-06-23T17:14:11 IST" description="Runs Cucumber Scenarios" data-provider="scenarios" finished-at="2022-06-23T17:14:38 IST">
          <params>
            <param index="0">
              <value>
                <![CDATA["Verify_view page of domain values"]]>
              </value>
            </param>
            <param index="1">
              <value>
                <![CDATA["Optional[Verifying Address type functionality]"]]>
              </value>
            </param>
          </params>
          <reporter-output>
          </reporter-output>
        </test-method> <!-- runScenario -->
        <test-method status="PASS" signature="runScenario(io.cucumber.testng.PickleWrapper,io.cucumber.testng.FeatureWrapper)[pri:0, instance:com.testRunners.TestRunner@5f8e8a9d]" name="runScenario" duration-ms="8967" started-at="2022-06-23T17:14:38 IST" description="Runs Cucumber Scenarios" data-provider="scenarios" finished-at="2022-06-23T17:14:47 IST">
          <params>
            <param index="0">
              <value>
                <![CDATA["Login functionality with valid credentials"]]>
              </value>
            </param>
            <param index="1">
              <value>
                <![CDATA["Optional[Login functionality]"]]>
              </value>
            </param>
          </params>
          <reporter-output>
          </reporter-output>
        </test-method> <!-- runScenario -->
        <test-method status="PASS" signature="runScenario(io.cucumber.testng.PickleWrapper,io.cucumber.testng.FeatureWrapper)[pri:0, instance:com.testRunners.TestRunner@5f8e8a9d]" name="runScenario" duration-ms="7957" started-at="2022-06-23T17:14:47 IST" description="Runs Cucumber Scenarios" data-provider="scenarios" finished-at="2022-06-23T17:14:55 IST">
          <params>
            <param index="0">
              <value>
                <![CDATA["Login functionality with valid credentials"]]>
              </value>
            </param>
            <param index="1">
              <value>
                <![CDATA["Optional[Login functionality]"]]>
              </value>
            </param>
          </params>
          <reporter-output>
          </reporter-output>
        </test-method> <!-- runScenario -->
        <test-method status="PASS" signature="runScenario(io.cucumber.testng.PickleWrapper,io.cucumber.testng.FeatureWrapper)[pri:0, instance:com.testRunners.TestRunner@5f8e8a9d]" name="runScenario" duration-ms="8200" started-at="2022-06-23T17:14:55 IST" description="Runs Cucumber Scenarios" data-provider="scenarios" finished-at="2022-06-23T17:15:03 IST">
          <params>
            <param index="0">
              <value>
                <![CDATA["Login functionality with valid credentials"]]>
              </value>
            </param>
            <param index="1">
              <value>
                <![CDATA["Optional[Login functionality]"]]>
              </value>
            </param>
          </params>
          <reporter-output>
          </reporter-output>
        </test-method> <!-- runScenario -->
        <test-method status="PASS" signature="runScenario(io.cucumber.testng.PickleWrapper,io.cucumber.testng.FeatureWrapper)[pri:0, instance:com.testRunners.TestRunner@5f8e8a9d]" name="runScenario" duration-ms="8521" started-at="2022-06-23T17:15:03 IST" description="Runs Cucumber Scenarios" data-provider="scenarios" finished-at="2022-06-23T17:15:12 IST">
          <params>
            <param index="0">
              <value>
                <![CDATA["Login functionality with valid credentials"]]>
              </value>
            </param>
            <param index="1">
              <value>
                <![CDATA["Optional[Login functionality]"]]>
              </value>
            </param>
          </params>
          <reporter-output>
          </reporter-output>
        </test-method> <!-- runScenario -->
        <test-method status="PASS" signature="runScenario(io.cucumber.testng.PickleWrapper,io.cucumber.testng.FeatureWrapper)[pri:0, instance:com.testRunners.TestRunner@5f8e8a9d]" name="runScenario" duration-ms="11274" started-at="2022-06-23T17:15:12 IST" description="Runs Cucumber Scenarios" data-provider="scenarios" finished-at="2022-06-23T17:15:23 IST">
          <params>
            <param index="0">
              <value>
                <![CDATA["Verify_view page of users functionality"]]>
              </value>
            </param>
            <param index="1">
              <value>
                <![CDATA["Optional[Verifying users functionality]"]]>
              </value>
            </param>
          </params>
          <reporter-output>
          </reporter-output>
        </test-method> <!-- runScenario -->
        <test-method status="PASS" signature="tearDownClass()[pri:0, instance:com.testRunners.TestRunner@5f8e8a9d]" name="tearDownClass" is-config="true" duration-ms="250" started-at="2022-06-23T17:15:23 IST" finished-at="2022-06-23T17:15:23 IST">
          <reporter-output>
          </reporter-output>
        </test-method> <!-- tearDownClass -->
      </class> <!-- com.testRunners.TestRunner -->
    </test> <!-- Test -->
  </suite> <!-- Suite -->
</testng-results>
