<?xml version="1.0" encoding="UTF-8"?>
<testng-results skipped="0" failed="0" ignored="0" total="4" passed="4">
  <reporter-output>
  </reporter-output>
  <suite name="Suite" duration-ms="38834" started-at="2022-06-20T21:02:37 IST" finished-at="2022-06-20T21:03:16 IST">
    <groups>
      <group name="cucumber">
        <method signature="AbstractTestNGCucumberTests.runScenario(io.cucumber.testng.PickleWrapper,io.cucumber.testng.FeatureWrapper)[pri:0, instance:com.testRunners.TestRunner@2794eab6]" name="runScenario" class="io.cucumber.testng.AbstractTestNGCucumberTests"/>
      </group> <!-- cucumber -->
    </groups>
    <test name="Test" duration-ms="38834" started-at="2022-06-20T21:02:37 IST" finished-at="2022-06-20T21:03:16 IST">
      <class name="com.testRunners.TestRunner">
        <test-method status="PASS" signature="setUpClass(org.testng.ITestContext)[pri:0, instance:com.testRunners.TestRunner@2794eab6]" name="setUpClass" is-config="true" duration-ms="789" started-at="2022-06-20T21:02:38 IST" finished-at="2022-06-20T21:02:38 IST">
          <params>
            <param index="0">
              <value>
                <![CDATA[org.testng.TestRunner@5fe5c68b]]>
              </value>
            </param>
          </params>
          <reporter-output>
          </reporter-output>
        </test-method> <!-- setUpClass -->
        <test-method status="PASS" signature="runScenario(io.cucumber.testng.PickleWrapper,io.cucumber.testng.FeatureWrapper)[pri:0, instance:com.testRunners.TestRunner@2794eab6]" name="runScenario" duration-ms="11868" started-at="2022-06-20T21:02:38 IST" description="Runs Cucumber Scenarios" data-provider="scenarios" finished-at="2022-06-20T21:02:50 IST">
          <params>
            <param index="0">
              <value>
                <![CDATA["Login functionality with valid credentials"]]>
              </value>
            </param>
            <param index="1">
              <value>
                <![CDATA["Optional[Login functionality]"]]>
              </value>
            </param>
          </params>
          <reporter-output>
          </reporter-output>
        </test-method> <!-- runScenario -->
        <test-method status="PASS" signature="runScenario(io.cucumber.testng.PickleWrapper,io.cucumber.testng.FeatureWrapper)[pri:0, instance:com.testRunners.TestRunner@2794eab6]" name="runScenario" duration-ms="8866" started-at="2022-06-20T21:02:50 IST" description="Runs Cucumber Scenarios" data-provider="scenarios" finished-at="2022-06-20T21:02:59 IST">
          <params>
            <param index="0">
              <value>
                <![CDATA["Login functionality with valid credentials"]]>
              </value>
            </param>
            <param index="1">
              <value>
                <![CDATA["Optional[Login functionality]"]]>
              </value>
            </param>
          </params>
          <reporter-output>
          </reporter-output>
        </test-method> <!-- runScenario -->
        <test-method status="PASS" signature="runScenario(io.cucumber.testng.PickleWrapper,io.cucumber.testng.FeatureWrapper)[pri:0, instance:com.testRunners.TestRunner@2794eab6]" name="runScenario" duration-ms="8725" started-at="2022-06-20T21:02:59 IST" description="Runs Cucumber Scenarios" data-provider="scenarios" finished-at="2022-06-20T21:03:08 IST">
          <params>
            <param index="0">
              <value>
                <![CDATA["Login functionality with valid credentials"]]>
              </value>
            </param>
            <param index="1">
              <value>
                <![CDATA["Optional[Login functionality]"]]>
              </value>
            </param>
          </params>
          <reporter-output>
          </reporter-output>
        </test-method> <!-- runScenario -->
        <test-method status="PASS" signature="runScenario(io.cucumber.testng.PickleWrapper,io.cucumber.testng.FeatureWrapper)[pri:0, instance:com.testRunners.TestRunner@2794eab6]" name="runScenario" duration-ms="8110" started-at="2022-06-20T21:03:08 IST" description="Runs Cucumber Scenarios" data-provider="scenarios" finished-at="2022-06-20T21:03:16 IST">
          <params>
            <param index="0">
              <value>
                <![CDATA["Login functionality with valid credentials"]]>
              </value>
            </param>
            <param index="1">
              <value>
                <![CDATA["Optional[Login functionality]"]]>
              </value>
            </param>
          </params>
          <reporter-output>
          </reporter-output>
        </test-method> <!-- runScenario -->
        <test-method status="PASS" signature="tearDownClass()[pri:0, instance:com.testRunners.TestRunner@2794eab6]" name="tearDownClass" is-config="true" duration-ms="167" started-at="2022-06-20T21:03:16 IST" finished-at="2022-06-20T21:03:16 IST">
          <reporter-output>
          </reporter-output>
        </test-method> <!-- tearDownClass -->
      </class> <!-- com.testRunners.TestRunner -->
    </test> <!-- Test -->
  </suite> <!-- Suite -->
</testng-results>
