<?xml version="1.0" encoding="UTF-8"?>
<testng-results skipped="0" failed="0" ignored="0" total="2" passed="2">
  <reporter-output>
  </reporter-output>
  <suite name="Suite" duration-ms="42225" started-at="2022-06-18T16:27:21 IST" finished-at="2022-06-18T16:28:03 IST">
    <groups>
      <group name="cucumber">
        <method signature="AbstractTestNGCucumberTests.runScenario(io.cucumber.testng.PickleWrapper,io.cucumber.testng.FeatureWrapper)[pri:0, instance:com.testRunners.TestRunner@5f8e8a9d]" name="runScenario" class="io.cucumber.testng.AbstractTestNGCucumberTests"/>
      </group> <!-- cucumber -->
    </groups>
    <test name="Test" duration-ms="42225" started-at="2022-06-18T16:27:21 IST" finished-at="2022-06-18T16:28:03 IST">
      <class name="com.testRunners.TestRunner">
        <test-method status="PASS" signature="setUpClass(org.testng.ITestContext)[pri:0, instance:com.testRunners.TestRunner@5f8e8a9d]" name="setUpClass" is-config="true" duration-ms="720" started-at="2022-06-18T16:27:21 IST" finished-at="2022-06-18T16:27:22 IST">
          <params>
            <param index="0">
              <value>
                <![CDATA[org.testng.TestRunner@16a78700]]>
              </value>
            </param>
          </params>
          <reporter-output>
          </reporter-output>
        </test-method> <!-- setUpClass -->
        <test-method status="PASS" signature="runScenario(io.cucumber.testng.PickleWrapper,io.cucumber.testng.FeatureWrapper)[pri:0, instance:com.testRunners.TestRunner@5f8e8a9d]" name="runScenario" duration-ms="30466" started-at="2022-06-18T16:27:22 IST" description="Runs Cucumber Scenarios" data-provider="scenarios" finished-at="2022-06-18T16:27:52 IST">
          <params>
            <param index="0">
              <value>
                <![CDATA["Verify_view page of domain values"]]>
              </value>
            </param>
            <param index="1">
              <value>
                <![CDATA["Optional[Verifying Address type functionality]"]]>
              </value>
            </param>
          </params>
          <reporter-output>
          </reporter-output>
        </test-method> <!-- runScenario -->
        <test-method status="PASS" signature="runScenario(io.cucumber.testng.PickleWrapper,io.cucumber.testng.FeatureWrapper)[pri:0, instance:com.testRunners.TestRunner@5f8e8a9d]" name="runScenario" duration-ms="10554" started-at="2022-06-18T16:27:52 IST" description="Runs Cucumber Scenarios" data-provider="scenarios" finished-at="2022-06-18T16:28:03 IST">
          <params>
            <param index="0">
              <value>
                <![CDATA["Verify_view page of users functionality"]]>
              </value>
            </param>
            <param index="1">
              <value>
                <![CDATA["Optional[Verifying users functionality]"]]>
              </value>
            </param>
          </params>
          <reporter-output>
          </reporter-output>
        </test-method> <!-- runScenario -->
        <test-method status="PASS" signature="tearDownClass()[pri:0, instance:com.testRunners.TestRunner@5f8e8a9d]" name="tearDownClass" is-config="true" duration-ms="200" started-at="2022-06-18T16:28:03 IST" finished-at="2022-06-18T16:28:03 IST">
          <reporter-output>
          </reporter-output>
        </test-method> <!-- tearDownClass -->
      </class> <!-- com.testRunners.TestRunner -->
    </test> <!-- Test -->
  </suite> <!-- Suite -->
</testng-results>
