<?xml version="1.0" encoding="UTF-8"?>
<testng-results skipped="0" failed="0" ignored="0" total="2" passed="2">
  <reporter-output>
  </reporter-output>
  <suite name="Suite" duration-ms="38568" started-at="2022-06-07T21:09:15 IST" finished-at="2022-06-07T21:09:54 IST">
    <groups>
      <group name="AddressType">
        <method signature="AddressTypeFunctionality_TC_01.dashboardTest()[pri:0, instance:com.Tests.AddressTypeFunctionality_TC_01@290222c1]" name="dashboardTest" class="com.Tests.AddressTypeFunctionality_TC_01"/>
      </group> <!-- AddressType -->
    </groups>
    <test name="Test" duration-ms="38568" started-at="2022-06-07T21:09:15 IST" finished-at="2022-06-07T21:09:54 IST">
      <class name="com.Tests.AddressTypeFunctionality_TC_02">
        <test-method status="PASS" signature="setup(java.lang.String)[pri:0, instance:com.Tests.AddressTypeFunctionality_TC_02@51e69659]" name="setup" is-config="true" duration-ms="6515" started-at="2022-06-07T21:09:41 IST" finished-at="2022-06-07T21:09:47 IST">
          <params>
            <param index="0">
              <value>
                <![CDATA[chrome]]>
              </value>
            </param>
          </params>
          <reporter-output>
          </reporter-output>
        </test-method> <!-- setup -->
        <test-method status="PASS" signature="addressTypeTest()[pri:0, instance:com.Tests.AddressTypeFunctionality_TC_02@51e69659]" name="addressTypeTest" duration-ms="5746" depends-on-groups="AddressType" started-at="2022-06-07T21:09:47 IST" finished-at="2022-06-07T21:09:53 IST">
          <reporter-output>
          </reporter-output>
        </test-method> <!-- addressTypeTest -->
        <test-method status="PASS" signature="teardown()[pri:0, instance:com.Tests.AddressTypeFunctionality_TC_02@51e69659]" name="teardown" is-config="true" duration-ms="770" started-at="2022-06-07T21:09:53 IST" finished-at="2022-06-07T21:09:54 IST">
          <reporter-output>
          </reporter-output>
        </test-method> <!-- teardown -->
      </class> <!-- com.Tests.AddressTypeFunctionality_TC_02 -->
      <class name="com.Tests.AddressTypeFunctionality_TC_01">
        <test-method status="PASS" signature="setup(java.lang.String)[pri:0, instance:com.Tests.AddressTypeFunctionality_TC_01@290222c1]" name="setup" is-config="true" duration-ms="7063" started-at="2022-06-07T21:09:15 IST" finished-at="2022-06-07T21:09:22 IST">
          <params>
            <param index="0">
              <value>
                <![CDATA[chrome]]>
              </value>
            </param>
          </params>
          <reporter-output>
          </reporter-output>
        </test-method> <!-- setup -->
        <test-method status="PASS" signature="dashboardTest()[pri:0, instance:com.Tests.AddressTypeFunctionality_TC_01@290222c1]" name="dashboardTest" duration-ms="17387" started-at="2022-06-07T21:09:22 IST" finished-at="2022-06-07T21:09:40 IST">
          <reporter-output>
          </reporter-output>
        </test-method> <!-- dashboardTest -->
        <test-method status="PASS" signature="teardown()[pri:0, instance:com.Tests.AddressTypeFunctionality_TC_01@290222c1]" name="teardown" is-config="true" duration-ms="800" started-at="2022-06-07T21:09:40 IST" finished-at="2022-06-07T21:09:41 IST">
          <reporter-output>
          </reporter-output>
        </test-method> <!-- teardown -->
      </class> <!-- com.Tests.AddressTypeFunctionality_TC_01 -->
    </test> <!-- Test -->
  </suite> <!-- Suite -->
</testng-results>
