<?xml version="1.0" encoding="UTF-8"?>
<testng-results skipped="0" failed="0" ignored="0" total="2" passed="2">
  <reporter-output>
  </reporter-output>
  <suite name="Suite" duration-ms="37406" started-at="2022-06-07T18:32:05 IST" finished-at="2022-06-07T18:32:42 IST">
    <groups>
      <group name="AddressType">
        <method signature="AddressTypeFunctionality_TC_01.dashboardTest()[pri:0, instance:com.Tests.AddressTypeFunctionality_TC_01@290222c1]" name="dashboardTest" class="com.Tests.AddressTypeFunctionality_TC_01"/>
      </group> <!-- AddressType -->
    </groups>
    <test name="Test" duration-ms="37406" started-at="2022-06-07T18:32:05 IST" finished-at="2022-06-07T18:32:42 IST">
      <class name="com.Tests.AddressTypeFunctionality_TC_02">
        <test-method status="PASS" signature="setup(java.lang.String)[pri:0, instance:com.Tests.AddressTypeFunctionality_TC_02@51e69659]" name="setup" is-config="true" duration-ms="3987" started-at="2022-06-07T18:32:31 IST" finished-at="2022-06-07T18:32:35 IST">
          <params>
            <param index="0">
              <value>
                <![CDATA[chrome]]>
              </value>
            </param>
          </params>
          <reporter-output>
          </reporter-output>
        </test-method> <!-- setup -->
        <test-method status="PASS" signature="addressTypeTest()[pri:0, instance:com.Tests.AddressTypeFunctionality_TC_02@51e69659]" name="addressTypeTest" duration-ms="5967" depends-on-groups="AddressType" started-at="2022-06-07T18:32:35 IST" finished-at="2022-06-07T18:32:41 IST">
          <reporter-output>
          </reporter-output>
        </test-method> <!-- addressTypeTest -->
        <test-method status="PASS" signature="teardown()[pri:0, instance:com.Tests.AddressTypeFunctionality_TC_02@51e69659]" name="teardown" is-config="true" duration-ms="831" started-at="2022-06-07T18:32:41 IST" finished-at="2022-06-07T18:32:42 IST">
          <reporter-output>
          </reporter-output>
        </test-method> <!-- teardown -->
      </class> <!-- com.Tests.AddressTypeFunctionality_TC_02 -->
      <class name="com.Tests.AddressTypeFunctionality_TC_01">
        <test-method status="PASS" signature="setup(java.lang.String)[pri:0, instance:com.Tests.AddressTypeFunctionality_TC_01@290222c1]" name="setup" is-config="true" duration-ms="7360" started-at="2022-06-07T18:32:05 IST" finished-at="2022-06-07T18:32:12 IST">
          <params>
            <param index="0">
              <value>
                <![CDATA[chrome]]>
              </value>
            </param>
          </params>
          <reporter-output>
          </reporter-output>
        </test-method> <!-- setup -->
        <test-method status="PASS" signature="dashboardTest()[pri:0, instance:com.Tests.AddressTypeFunctionality_TC_01@290222c1]" name="dashboardTest" duration-ms="18196" started-at="2022-06-07T18:32:12 IST" finished-at="2022-06-07T18:32:30 IST">
          <reporter-output>
          </reporter-output>
        </test-method> <!-- dashboardTest -->
        <test-method status="PASS" signature="teardown()[pri:0, instance:com.Tests.AddressTypeFunctionality_TC_01@290222c1]" name="teardown" is-config="true" duration-ms="714" started-at="2022-06-07T18:32:30 IST" finished-at="2022-06-07T18:32:31 IST">
          <reporter-output>
          </reporter-output>
        </test-method> <!-- teardown -->
      </class> <!-- com.Tests.AddressTypeFunctionality_TC_01 -->
    </test> <!-- Test -->
  </suite> <!-- Suite -->
</testng-results>
