<?xml version="1.0" encoding="UTF-8"?>
<testng-results skipped="0" failed="0" ignored="0" total="1" passed="1">
  <reporter-output>
  </reporter-output>
  <suite name="Suite" duration-ms="21606" started-at="2022-06-15T15:22:12 IST" finished-at="2022-06-15T15:22:33 IST">
    <groups>
    </groups>
    <test name="Test" duration-ms="21606" started-at="2022-06-15T15:22:12 IST" finished-at="2022-06-15T15:22:33 IST">
      <class name="com.Tests.UsersFunctionality_TC_02">
        <test-method status="PASS" signature="setup(java.lang.String)[pri:0, instance:com.Tests.UsersFunctionality_TC_02@25be7b63]" name="setup" is-config="true" duration-ms="8162" started-at="2022-06-15T15:22:12 IST" finished-at="2022-06-15T15:22:20 IST">
          <params>
            <param index="0">
              <value>
                <![CDATA[chrome]]>
              </value>
            </param>
          </params>
          <reporter-output>
          </reporter-output>
        </test-method> <!-- setup -->
        <test-method status="PASS" signature="addProvider()[pri:0, instance:com.Tests.UsersFunctionality_TC_02@25be7b63]" name="addProvider" duration-ms="12367" started-at="2022-06-15T15:22:20 IST" finished-at="2022-06-15T15:22:33 IST">
          <reporter-output>
          </reporter-output>
        </test-method> <!-- addProvider -->
        <test-method status="PASS" signature="teardown()[pri:0, instance:com.Tests.UsersFunctionality_TC_02@25be7b63]" name="teardown" is-config="true" duration-ms="769" started-at="2022-06-15T15:22:33 IST" finished-at="2022-06-15T15:22:33 IST">
          <reporter-output>
          </reporter-output>
        </test-method> <!-- teardown -->
      </class> <!-- com.Tests.UsersFunctionality_TC_02 -->
    </test> <!-- Test -->
  </suite> <!-- Suite -->
</testng-results>
