<?xml version="1.0" encoding="UTF-8"?>
<!-- Generated by org.testng.reporters.JUnitReportReporter -->
<testsuite skipped="1" hostname="DESKTOP-19NCAKV" name="com.Tests.AddressTypeFunctionality_TC_02" tests="1" failures="0" timestamp="2022-07-08T16:59:33 IST" time="0.000" errors="0">
  <testcase name="addressTypeTest" time="0.000" classname="com.Tests.AddressTypeFunctionality_TC_02">
    <skipped/>
  </testcase> <!-- addressTypeTest -->
  <system-out/>
</testsuite> <!-- com.Tests.AddressTypeFunctionality_TC_02 -->
