<?xml version="1.0" encoding="UTF-8"?>
<!-- Generated by org.testng.reporters.JUnitReportReporter -->
<testsuite skipped="0" hostname="DESKTOP-19NCAKV" name="com.testRunners.TestRunner" tests="6" failures="0" timestamp="2022-06-21T13:59:55 IST" time="82.542" errors="0">
  <testcase name="runScenario" time="8.388" classname="com.testRunners.TestRunner"/>
  <system-out/>
  <testcase name="runScenario" time="8.289" classname="com.testRunners.TestRunner"/>
  <system-out/>
  <testcase name="runScenario" time="8.437" classname="com.testRunners.TestRunner"/>
  <system-out/>
  <testcase name="runScenario" time="8.721" classname="com.testRunners.TestRunner"/>
  <system-out/>
  <testcase name="runScenario" time="37.719" classname="com.testRunners.TestRunner"/>
  <system-out/>
  <testcase name="runScenario" time="10.988" classname="com.testRunners.TestRunner"/>
  <system-out/>
</testsuite> <!-- com.testRunners.TestRunner -->
