<?xml version="1.0" encoding="UTF-8"?>
<!-- Generated by org.testng.reporters.JUnitReportReporter -->
<testsuite skipped="0" hostname="DESKTOP-19NCAKV" name="com.testRunners.TestRunner" tests="4" failures="0" timestamp="2022-06-20T21:03:17 IST" time="37.569" errors="0">
  <testcase name="runScenario" time="8.866" classname="com.testRunners.TestRunner"/>
  <system-out/>
  <testcase name="runScenario" time="8.725" classname="com.testRunners.TestRunner"/>
  <system-out/>
  <testcase name="runScenario" time="11.868" classname="com.testRunners.TestRunner"/>
  <system-out/>
  <testcase name="runScenario" time="8.110" classname="com.testRunners.TestRunner"/>
  <system-out/>
</testsuite> <!-- com.testRunners.TestRunner -->
