<?xml version="1.0" encoding="UTF-8"?>
<!-- Generated by org.testng.reporters.JUnitReportReporter -->
<testsuite skipped="1" hostname="DESKTOP-19NCAKV" name="com.Tests.Example" tests="2" failures="0" timestamp="2022-06-06T19:29:02 IST" time="2.359" errors="0">
  <testcase name="test" time="2.359" classname="com.Tests.Example"/>
  <system-out/>
  <testcase name="test1" time="0.000" classname="com.Tests.Example">
    <skipped/>
  </testcase> <!-- test1 -->
  <system-out/>
</testsuite> <!-- com.Tests.Example -->
