<?xml version="1.0" encoding="UTF-8"?>
<!-- Generated by org.testng.reporters.JUnitReportReporter -->
<testsuite skipped="0" hostname="DESKTOP-19NCAKV" name="com.testRunners.TestRunner" tests="6" failures="0" timestamp="2022-06-22T11:33:53 IST" time="79.531" errors="0">
  <testcase name="runScenario" time="34.193" classname="com.testRunners.TestRunner"/>
  <system-out/>
  <testcase name="runScenario" time="8.434" classname="com.testRunners.TestRunner"/>
  <system-out/>
  <testcase name="runScenario" time="8.663" classname="com.testRunners.TestRunner"/>
  <system-out/>
  <testcase name="runScenario" time="10.461" classname="com.testRunners.TestRunner"/>
  <system-out/>
  <testcase name="runScenario" time="8.469" classname="com.testRunners.TestRunner"/>
  <system-out/>
  <testcase name="runScenario" time="9.311" classname="com.testRunners.TestRunner"/>
  <system-out/>
</testsuite> <!-- com.testRunners.TestRunner -->
