<?xml version="1.0" encoding="UTF-8"?>
<!-- Generated by org.testng.reporters.JUnitReportReporter -->
<testsuite skipped="0" hostname="DESKTOP-19NCAKV" name="com.testRunners.TestRunner" tests="2" failures="0" timestamp="2022-06-18T16:28:03 IST" time="41.020" errors="0">
  <testcase name="runScenario" time="30.466" classname="com.testRunners.TestRunner"/>
  <system-out/>
  <testcase name="runScenario" time="10.554" classname="com.testRunners.TestRunner"/>
  <system-out/>
</testsuite> <!-- com.testRunners.TestRunner -->
