<?xml version="1.0" encoding="UTF-8"?>
<!-- Generated by org.testng.reporters.JUnitReportReporter -->
<testsuite skipped="0" hostname="DESKTOP-19NCAKV" name="com.testRunners.TestRunner" tests="6" failures="0" timestamp="2022-06-30T15:47:48 IST" time="87.247" errors="2">
  <testcase name="runScenario" time="22.452" classname="com.testRunners.TestRunner">
    <error type="org.openqa.selenium.StaleElementReferenceException" message="stale element reference: element is not attached to the page document
  (Session info: chrome=103.0.5060.66)
For documentation on this error, please visit: https://selenium.dev/exceptions/#stale_element_reference
Build info: version: &#039;4.1.3&#039;, revision: &#039;7b1ebf28ef&#039;
System info: host: &#039;DESKTOP-19NCAKV&#039;, ip: &#039;192.168.56.1&#039;, os.name: &#039;Windows 10&#039;, os.arch: &#039;amd64&#039;, os.version: &#039;10.0&#039;, java.version: &#039;1.8.0_271&#039;
Driver info: org.openqa.selenium.chrome.ChromeDriver
Command: [b2501031db21537e0f61ad6b491b1c88, getElementText {id=2a298e34-4bf5-4ebf-b781-a109f94921b5}]
Capabilities {acceptInsecureCerts: false, browserName: chrome, browserVersion: 103.0.5060.66, chrome: {chromedriverVersion: 103.0.5060.53 (a1711811edd7..., userDataDir: C:\Users\dhano\AppData\Loca...}, goog:chromeOptions: {debuggerAddress: localhost:57192}, javascriptEnabled: true, networkConnectionEnabled: false, pageLoadStrategy: normal, platform: WINDOWS, platformName: WINDOWS, proxy: Proxy(), se:cdp: ws://localhost:57192/devtoo..., se:cdpVersion: 103.0.5060.66, setWindowRect: true, strictFileInteractability: false, timeouts: {implicit: 0, pageLoad: 300000, script: 30000}, unhandledPromptBehavior: dismiss and notify, webauthn:extension:credBlob: true, webauthn:extension:largeBlob: true, webauthn:virtualAuthenticators: true}
Element: [[[[ChromeDriver: chrome on WINDOWS (b2501031db21537e0f61ad6b491b1c88)] -&gt; id: facility]] -&gt; tag name: option]
Session ID: b2501031db21537e0f61ad6b491b1c88">
      <![CDATA[org.openqa.selenium.StaleElementReferenceException: stale element reference: element is not attached to the page document
  (Session info: chrome=103.0.5060.66)
For documentation on this error, please visit: https://selenium.dev/exceptions/#stale_element_reference
Build info: version: '4.1.3', revision: '7b1ebf28ef'
System info: host: 'DESKTOP-19NCAKV', ip: '192.168.56.1', os.name: 'Windows 10', os.arch: 'amd64', os.version: '10.0', java.version: '1.8.0_271'
Driver info: org.openqa.selenium.chrome.ChromeDriver
Command: [b2501031db21537e0f61ad6b491b1c88, getElementText {id=2a298e34-4bf5-4ebf-b781-a109f94921b5}]
Capabilities {acceptInsecureCerts: false, browserName: chrome, browserVersion: 103.0.5060.66, chrome: {chromedriverVersion: 103.0.5060.53 (a1711811edd7..., userDataDir: C:\Users\dhano\AppData\Loca...}, goog:chromeOptions: {debuggerAddress: localhost:57192}, javascriptEnabled: true, networkConnectionEnabled: false, pageLoadStrategy: normal, platform: WINDOWS, platformName: WINDOWS, proxy: Proxy(), se:cdp: ws://localhost:57192/devtoo..., se:cdpVersion: 103.0.5060.66, setWindowRect: true, strictFileInteractability: false, timeouts: {implicit: 0, pageLoad: 300000, script: 30000}, unhandledPromptBehavior: dismiss and notify, webauthn:extension:credBlob: true, webauthn:extension:largeBlob: true, webauthn:virtualAuthenticators: true}
Element: [[[[ChromeDriver: chrome on WINDOWS (b2501031db21537e0f61ad6b491b1c88)] -> id: facility]] -> tag name: option]
Session ID: b2501031db21537e0f61ad6b491b1c88
at sun.reflect.NativeConstructorAccessorImpl.newInstance0(Native Method)
at sun.reflect.NativeConstructorAccessorImpl.newInstance(NativeConstructorAccessorImpl.java:62)
at sun.reflect.DelegatingConstructorAccessorImpl.newInstance(DelegatingConstructorAccessorImpl.java:45)
at java.lang.reflect.Constructor.newInstance(Constructor.java:423)
at org.openqa.selenium.remote.codec.w3c.W3CHttpResponseCodec.createException(W3CHttpResponseCodec.java:200)
at org.openqa.selenium.remote.codec.w3c.W3CHttpResponseCodec.decode(W3CHttpResponseCodec.java:133)
at org.openqa.selenium.remote.codec.w3c.W3CHttpResponseCodec.decode(W3CHttpResponseCodec.java:53)
at org.openqa.selenium.remote.HttpCommandExecutor.execute(HttpCommandExecutor.java:184)
at org.openqa.selenium.remote.service.DriverCommandExecutor.invokeExecute(DriverCommandExecutor.java:167)
at org.openqa.selenium.remote.service.DriverCommandExecutor.execute(DriverCommandExecutor.java:142)
at org.openqa.selenium.remote.RemoteWebDriver.execute(RemoteWebDriver.java:567)
at org.openqa.selenium.remote.RemoteWebElement.execute(RemoteWebElement.java:251)
at org.openqa.selenium.remote.RemoteWebElement.getText(RemoteWebElement.java:201)
at com.Global.BaseClass.selectIndex(BaseClass.java:158)
at com.StepDefinations.AddressTypeFunctionality_TC_01_Definition.select_apollo_and_admin_values_in_dropdown(AddressTypeFunctionality_TC_01_Definition.java:41)
at ✽.Select apollo and admin values in dropdown(file:///C:/Users/dhano/Desktop/eclipse-workspace/ProHealth/Features/AddressTypeFunctionality_TC_01.feature:7)
]]>
    </error>
  </testcase> <!-- runScenario -->
  <system-out/>
  <testcase name="runScenario" time="18.398" classname="com.testRunners.TestRunner"/>
  <system-out/>
  <testcase name="runScenario" time="12.079" classname="com.testRunners.TestRunner"/>
  <system-out/>
  <testcase name="runScenario" time="10.817" classname="com.testRunners.TestRunner"/>
  <system-out/>
  <testcase name="runScenario" time="10.528" classname="com.testRunners.TestRunner"/>
  <system-out/>
  <testcase name="runScenario" time="12.973" classname="com.testRunners.TestRunner">
    <error type="org.openqa.selenium.ElementClickInterceptedException" message="element click intercepted: Element &lt;div title=&quot;User Info&quot; class=&quot;user&quot;&gt;...&lt;/div&gt; is not clickable at point (1220, 24). Other element would receive the click: &lt;div class=&quot;LoadingService&quot; style=&quot;display: flex;&quot;&gt;...&lt;/div&gt;
  (Session info: chrome=103.0.5060.66)
Build info: version: &#039;4.1.3&#039;, revision: &#039;7b1ebf28ef&#039;
System info: host: &#039;DESKTOP-19NCAKV&#039;, ip: &#039;192.168.56.1&#039;, os.name: &#039;Windows 10&#039;, os.arch: &#039;amd64&#039;, os.version: &#039;10.0&#039;, java.version: &#039;1.8.0_271&#039;
Driver info: org.openqa.selenium.chrome.ChromeDriver
Command: [1316458612b7b6c10d33b788fe796356, clickElement {id=f2283493-d8af-48dc-bdfe-934eee14f32b}]
Capabilities {acceptInsecureCerts: false, browserName: chrome, browserVersion: 103.0.5060.66, chrome: {chromedriverVersion: 103.0.5060.53 (a1711811edd7..., userDataDir: C:\Users\dhano\AppData\Loca...}, goog:chromeOptions: {debuggerAddress: localhost:57325}, javascriptEnabled: true, networkConnectionEnabled: false, pageLoadStrategy: normal, platform: WINDOWS, platformName: WINDOWS, proxy: Proxy(), se:cdp: ws://localhost:57325/devtoo..., se:cdpVersion: 103.0.5060.66, setWindowRect: true, strictFileInteractability: false, timeouts: {implicit: 0, pageLoad: 300000, script: 30000}, unhandledPromptBehavior: dismiss and notify, webauthn:extension:credBlob: true, webauthn:extension:largeBlob: true, webauthn:virtualAuthenticators: true}
Element: [[ChromeDriver: chrome on WINDOWS (1316458612b7b6c10d33b788fe796356)] -&gt; xpath: //div[@title=&#039;User Info&#039;]]
Session ID: 1316458612b7b6c10d33b788fe796356">
      <![CDATA[org.openqa.selenium.ElementClickInterceptedException: element click intercepted: Element <div title="User Info" class="user">...</div> is not clickable at point (1220, 24). Other element would receive the click: <div class="LoadingService" style="display: flex;">...</div>
  (Session info: chrome=103.0.5060.66)
Build info: version: '4.1.3', revision: '7b1ebf28ef'
System info: host: 'DESKTOP-19NCAKV', ip: '192.168.56.1', os.name: 'Windows 10', os.arch: 'amd64', os.version: '10.0', java.version: '1.8.0_271'
Driver info: org.openqa.selenium.chrome.ChromeDriver
Command: [1316458612b7b6c10d33b788fe796356, clickElement {id=f2283493-d8af-48dc-bdfe-934eee14f32b}]
Capabilities {acceptInsecureCerts: false, browserName: chrome, browserVersion: 103.0.5060.66, chrome: {chromedriverVersion: 103.0.5060.53 (a1711811edd7..., userDataDir: C:\Users\dhano\AppData\Loca...}, goog:chromeOptions: {debuggerAddress: localhost:57325}, javascriptEnabled: true, networkConnectionEnabled: false, pageLoadStrategy: normal, platform: WINDOWS, platformName: WINDOWS, proxy: Proxy(), se:cdp: ws://localhost:57325/devtoo..., se:cdpVersion: 103.0.5060.66, setWindowRect: true, strictFileInteractability: false, timeouts: {implicit: 0, pageLoad: 300000, script: 30000}, unhandledPromptBehavior: dismiss and notify, webauthn:extension:credBlob: true, webauthn:extension:largeBlob: true, webauthn:virtualAuthenticators: true}
Element: [[ChromeDriver: chrome on WINDOWS (1316458612b7b6c10d33b788fe796356)] -> xpath: //div[@title='User Info']]
Session ID: 1316458612b7b6c10d33b788fe796356
at sun.reflect.NativeConstructorAccessorImpl.newInstance0(Native Method)
at sun.reflect.NativeConstructorAccessorImpl.newInstance(NativeConstructorAccessorImpl.java:62)
at sun.reflect.DelegatingConstructorAccessorImpl.newInstance(DelegatingConstructorAccessorImpl.java:45)
at java.lang.reflect.Constructor.newInstance(Constructor.java:423)
at org.openqa.selenium.remote.codec.w3c.W3CHttpResponseCodec.createException(W3CHttpResponseCodec.java:200)
at org.openqa.selenium.remote.codec.w3c.W3CHttpResponseCodec.decode(W3CHttpResponseCodec.java:133)
at org.openqa.selenium.remote.codec.w3c.W3CHttpResponseCodec.decode(W3CHttpResponseCodec.java:53)
at org.openqa.selenium.remote.HttpCommandExecutor.execute(HttpCommandExecutor.java:184)
at org.openqa.selenium.remote.service.DriverCommandExecutor.invokeExecute(DriverCommandExecutor.java:167)
at org.openqa.selenium.remote.service.DriverCommandExecutor.execute(DriverCommandExecutor.java:142)
at org.openqa.selenium.remote.RemoteWebDriver.execute(RemoteWebDriver.java:567)
at org.openqa.selenium.remote.RemoteWebElement.execute(RemoteWebElement.java:251)
at org.openqa.selenium.remote.RemoteWebElement.click(RemoteWebElement.java:77)
at com.Global.BaseClass.click(BaseClass.java:124)
at com.StepDefinations.UsersFunctionality_TC_01_Definition.tearDown(UsersFunctionality_TC_01_Definition.java:43)
]]>
    </error>
  </testcase> <!-- runScenario -->
  <system-out/>
</testsuite> <!-- com.testRunners.TestRunner -->
