<?xml version="1.0" encoding="UTF-8"?>
<!-- Generated by org.testng.reporters.JUnitReportReporter -->
<testsuite skipped="0" hostname="DESKTOP-19NCAKV" name="com.testRunners.TestRunner" tests="6" failures="0" timestamp="2022-06-23T17:15:24 IST" time="72.132" errors="0">
  <testcase name="runScenario" time="8.967" classname="com.testRunners.TestRunner"/>
  <system-out/>
  <testcase name="runScenario" time="7.957" classname="com.testRunners.TestRunner"/>
  <system-out/>
  <testcase name="runScenario" time="8.521" classname="com.testRunners.TestRunner"/>
  <system-out/>
  <testcase name="runScenario" time="27.213" classname="com.testRunners.TestRunner"/>
  <system-out/>
  <testcase name="runScenario" time="8.200" classname="com.testRunners.TestRunner"/>
  <system-out/>
  <testcase name="runScenario" time="11.274" classname="com.testRunners.TestRunner"/>
  <system-out/>
</testsuite> <!-- com.testRunners.TestRunner -->
